#-----------------------------------------------------------
# Vivado v2024.2 (64-bit)
# SW Build 5239630 on Fri Nov 08 22:35:27 MST 2024
# IP Build 5239520 on Sun Nov 10 16:12:51 MST 2024
# SharedData Build 5239561 on Fri Nov 08 14:39:27 MST 2024
# Start of session at: Mon Mar 10 23:23:29 2025
# Process ID         : 11396
# Current directory  : C:/Users/Paula/Desktop/CA/project_LAB2
# Command line       : vivado.exe -gui_launcher_event rodinguilauncherevent2424 C:\Users\Paula\Desktop\CA\project_LAB2\project_LAB2.xpr
# Log file           : C:/Users/Paula/Desktop/CA/project_LAB2/vivado.log
# Journal file       : C:/Users/Paula/Desktop/CA/project_LAB2\vivado.jou
# Running On         : DESKTOP-LVTBNM7
# Platform           : Windows Server 2016 or Windows 10
# Operating System   : 22631
# Processor Detail   : 12th Gen Intel(R) Core(TM) i7-1255U
# CPU Frequency      : 2611 MHz
# CPU Physical cores : 10
# CPU Logical cores  : 12
# Host memory        : 34036 MB
# Swap memory        : 5100 MB
# Total Virtual      : 39136 MB
# Available Virtual  : 27564 MB
#-----------------------------------------------------------
start_gui
open_project C:/Users/Paula/Desktop/CA/project_LAB2/project_LAB2.xpr
INFO: [filemgmt 56-3] Default IP Output Path : Could not find the directory 'C:/Users/Paula/Desktop/CA/project_LAB2/project_LAB2.gen/sources_1'.
Scanning sources...
Finished scanning sources
INFO: [IP_Flow 19-234] Refreshing IP repositories
INFO: [IP_Flow 19-1704] No user IP repositories specified
INFO: [IP_Flow 19-2313] Loaded Vivado IP repository 'C:/Xilinx/Vivado/2024.2/data/ip'.
open_project: Time (s): cpu = 00:00:12 ; elapsed = 00:00:14 . Memory (MB): peak = 1215.082 ; gain = 133.473
update_compile_order -fileset sources_1
exit
INFO: [Common 17-206] Exiting Vivado at Mon Mar 10 23:28:07 2025...
